<?xml version="1.0" encoding="UTF-8"?>
<!-- Generated by org.testng.reporters.JUnitReportReporter -->
<testsuite hostname="LAPTOP-HSRIHDI5" failures="0" tests="1" name="test.FileUpload" time="12.781" errors="0" timestamp="2021-04-26T00:10:51 IST" skipped="0">
  <testcase classname="test.FileUpload" name="testRahul" time="12.781"/>
  <system-out/>
</testsuite> <!-- test.FileUpload -->
