<?xml version="1.0" encoding="UTF-8"?>
<!-- Generated by org.testng.reporters.JUnitReportReporter -->
<testsuite hostname="LAPTOP-HSRIHDI5" failures="0" tests="1" name="framworktest.HomePage" time="10.783" errors="0" timestamp="2021-04-21T13:40:26 IST" skipped="0">
  <testcase classname="framworktest.HomePage" name="addCustomer" time="10.783"/>
  <system-out/>
</testsuite> <!-- framworktest.HomePage -->
