<?xml version="1.0" encoding="UTF-8"?>
<!-- Generated by org.testng.reporters.JUnitReportReporter -->
<testsuite hostname="LAPTOP-HSRIHDI5" failures="0" tests="1" name="test.Miscellenaous" time="8.820" errors="0" timestamp="2021-04-22T22:39:52 IST" skipped="0">
  <testcase classname="test.Miscellenaous" name="Navigation" time="8.820"/>
  <system-out/>
</testsuite> <!-- test.Miscellenaous -->
