<?xml version="1.0" encoding="UTF-8"?>
<!-- Generated by org.testng.reporters.JUnitReportReporter -->
<testsuite hostname="LAPTOP-HSRIHDI5" failures="0" tests="1" name="test.FileUploadTest" time="12.417" errors="0" timestamp="27 Apr 2021 08:36:30 GMT" skipped="0">
  <testcase classname="test.FileUploadTest" name="testRahul" time="12.417"/>
</testsuite> <!-- test.FileUploadTest -->
